{"name": "test_login", "status": "broken", "statusDetails": {"message": "selenium.common.exceptions.TimeoutException: Message: \nStacktrace:\n\tGetHandleVerifier [0x00950283+25139]\n\t(No symbol) [0x008DB234]\n\t(No symbol) [0x007B04A3]\n\t(No symbol) [0x007F8338]\n\t(No symbol) [0x007F868B]\n\t(No symbol) [0x00840F62]\n\t(No symbol) [0x0081CF84]\n\t(No symbol) [0x0083E6E1]\n\t(No symbol) [0x0081CD36]\n\t(No symbol) [0x007EBD29]\n\t(No symbol) [0x007ED064]\n\tGetHandleVerifier [0x00C5B143+3215603]\n\tGetHandleVerifier [0x00C722BA+3310186]\n\tGetHandleVerifier [0x00C6C4D2+3286146]\n\tGetHandleVerifier [0x009E9C80+654384]\n\t(No symbol) [0x008E45BD]\n\t(No symbol) [0x008E14A8]\n\t(No symbol) [0x008E1647]\n\t(No symbol) [0x008D3D20]\n\tBaseThreadInitThunk [0x75035D49+25]\n\tRtlInitializeExceptionChain [0x7711CDEB+107]\n\tRtlGetAppContainerNamedObjectPath [0x7711CD71+561]", "trace": "self = <testCases.test_login1.Test_001_Login object at 0x000002A0FB743790>, setup = <selenium.webdriver.chrome.webdriver.WebDriver (session=\"2af05aff1cee1aa96a663724ef8f669e\")>\n\n    @pytest.mark.order(1)\n    def test_login(self, setup):\n        self.logger.info(\"******** Verifying Login test ********\")\n        self.logger.info(\"********Call the Browser Configuration********\")\n        self.driver = setup\n        self.driver.implicitly_wait(10)\n        self.driver.get(self.baseURL)\n        self.logger.info(\"********Define the LoginPage Driver********\")\n        self.lp = LoginPage1(self.driver)\n        time.sleep(10)\n        self.logger.info(\"********Type the Username*******\")\n>       self.lp.setUserName(self.username)\n\ntestCases\\test_login1.py:30: \n_ _ _ _ _ _ _ _ _ _ _ _ _ _ _ _ _ _ _ _ _ _ _ _ _ _ _ _ _ _ _ _ _ _ _ _ _ _ _ _ _ _ _ _ _ _ _ _ _ _ _ _ _ _ _ _ _ _ _ _ _ _ _ _ _ _ _ _ _ _ _ _ _ _ _ _ _ _ _ _ _ _ _ _ _ _ _ _ _ _\npageObjects\\LoginPage1.py:11: in setUserName\n    WebDriverWait(self.driver, 10).until( EC.element_to_be_clickable((By.XPATH, \"//input[@placeholder='Username']\"))).clear()\n_ _ _ _ _ _ _ _ _ _ _ _ _ _ _ _ _ _ _ _ _ _ _ _ _ _ _ _ _ _ _ _ _ _ _ _ _ _ _ _ _ _ _ _ _ _ _ _ _ _ _ _ _ _ _ _ _ _ _ _ _ _ _ _ _ _ _ _ _ _ _ _ _ _ _ _ _ _ _ _ _ _ _ _ _ _ _ _ _ _\n\nself = <selenium.webdriver.support.wait.WebDriverWait (session=\"2af05aff1cee1aa96a663724ef8f669e\")>\nmethod = <function element_to_be_clickable.<locals>._predicate at 0x000002A0FAAF7A60>, message = ''\n\n    def until(self, method: Callable[[D], Union[Literal[False], T]], message: str = \"\") -> T:\n        \"\"\"Calls the method provided with the driver as an argument until the \\\n        return value does not evaluate to ``False``.\n    \n        :param method: callable(WebDriver)\n        :param message: optional message for :exc:`TimeoutException`\n        :returns: the result of the last call to `method`\n        :raises: :exc:`selenium.common.exceptions.TimeoutException` if timeout occurs\n        \"\"\"\n        screen = None\n        stacktrace = None\n    \n        end_time = time.monotonic() + self._timeout\n        while True:\n            try:\n                value = method(self._driver)\n                if value:\n                    return value\n            except self._ignored_exceptions as exc:\n                screen = getattr(exc, \"screen\", None)\n                stacktrace = getattr(exc, \"stacktrace\", None)\n            if time.monotonic() > end_time:\n                break\n            time.sleep(self._poll)\n>       raise TimeoutException(message, screen, stacktrace)\nE       selenium.common.exceptions.TimeoutException: Message: \nE       Stacktrace:\nE       \tGetHandleVerifier [0x00950283+25139]\nE       \t(No symbol) [0x008DB234]\nE       \t(No symbol) [0x007B04A3]\nE       \t(No symbol) [0x007F8338]\nE       \t(No symbol) [0x007F868B]\nE       \t(No symbol) [0x00840F62]\nE       \t(No symbol) [0x0081CF84]\nE       \t(No symbol) [0x0083E6E1]\nE       \t(No symbol) [0x0081CD36]\nE       \t(No symbol) [0x007EBD29]\nE       \t(No symbol) [0x007ED064]\nE       \tGetHandleVerifier [0x00C5B143+3215603]\nE       \tGetHandleVerifier [0x00C722BA+3310186]\nE       \tGetHandleVerifier [0x00C6C4D2+3286146]\nE       \tGetHandleVerifier [0x009E9C80+654384]\nE       \t(No symbol) [0x008E45BD]\nE       \t(No symbol) [0x008E14A8]\nE       \t(No symbol) [0x008E1647]\nE       \t(No symbol) [0x008D3D20]\nE       \tBaseThreadInitThunk [0x75035D49+25]\nE       \tRtlInitializeExceptionChain [0x7711CDEB+107]\nE       \tRtlGetAppContainerNamedObjectPath [0x7711CD71+561]\n\nvenv\\lib\\site-packages\\selenium\\webdriver\\support\\wait.py:105: TimeoutException"}, "attachments": [{"name": "log", "source": "9a285229-a977-4249-b58a-3d23626c38d0-attachment.txt", "type": "text/plain"}], "start": 1740421064717, "stop": 1740421086774, "uuid": "4f477224-1695-424e-9974-40bba92e7e04", "historyId": "f16d3333b6af913e32c006e9a6068705", "testCaseId": "f16d3333b6af913e32c006e9a6068705", "fullName": "test_login1.Test_001_Login#test_login", "labels": [{"name": "tag", "value": "order(1)"}, {"name": "suite", "value": "test_login1"}, {"name": "subSuite", "value": "Test_001_Login"}, {"name": "host", "value": "DESKTOP-9CRLNN9"}, {"name": "thread", "value": "13200-MainThread"}, {"name": "framework", "value": "pytest"}, {"name": "language", "value": "cpython3"}, {"name": "package", "value": "test_login1"}]}